<?xml version="1.0" encoding="UTF-8"?>
<testsuite name="ippo.assignment2.controllers.ImageViewerControllerTest" tests="1" skipped="0" failures="0" errors="0" timestamp="2019-11-25T05:02:08" hostname="joes-mbp.mynet" time="0.28">
  <properties/>
  <testcase name="buttonTitleTest()" classname="ippo.assignment2.controllers.ImageViewerControllerTest" time="0.28"/>
  <system-out><![CDATA[]]></system-out>
  <system-err><![CDATA[]]></system-err>
</testsuite>
