<?xml version="1.0" encoding="UTF-8"?>
<testsuite name="ippo.assignment2.properties.PropertiesSingletonTest" tests="3" skipped="0" failures="0" errors="0" timestamp="2019-11-27T16:40:22" hostname="joes-mbp.mynet" time="0.001">
  <properties/>
  <testcase name="hasValueTrue()" classname="ippo.assignment2.properties.PropertiesSingletonTest" time="0.0"/>
  <testcase name="hasValueFalse()" classname="ippo.assignment2.properties.PropertiesSingletonTest" time="0.0"/>
  <testcase name="singletonReturnsMatchingObjects()" classname="ippo.assignment2.properties.PropertiesSingletonTest" time="0.0"/>
  <system-out><![CDATA[]]></system-out>
  <system-err><![CDATA[]]></system-err>
</testsuite>
