<?xml version="1.0" encoding="UTF-8"?>
<testsuite name="ippo.assignment2.models.DirectionTest" tests="4" skipped="0" failures="0" errors="0" timestamp="2019-11-25T05:19:44" hostname="joes-mbp.mynet" time="0.007">
  <properties/>
  <testcase name="hasForwardDirection()" classname="ippo.assignment2.models.DirectionTest" time="0.001"/>
  <testcase name="hasLeftDirection()" classname="ippo.assignment2.models.DirectionTest" time="0.0"/>
  <testcase name="hasRightDirection()" classname="ippo.assignment2.models.DirectionTest" time="0.001"/>
  <testcase name="hasBackDirection()" classname="ippo.assignment2.models.DirectionTest" time="0.0"/>
  <system-out><![CDATA[]]></system-out>
  <system-err><![CDATA[]]></system-err>
</testsuite>
