<?xml version="1.0" encoding="UTF-8"?>
<testsuite name="ippo.assignment2.utils.PropertiesTest" tests="2" skipped="0" failures="0" errors="0" timestamp="2019-11-24T17:12:31" hostname="joes-mbp.mynet" time="0.019">
  <properties/>
  <testcase name="hasValueTrue()" classname="ippo.assignment2.utils.PropertiesTest" time="0.013"/>
  <testcase name="hasValueFalse()" classname="ippo.assignment2.utils.PropertiesTest" time="0.004"/>
  <system-out><![CDATA[]]></system-out>
  <system-err><![CDATA[]]></system-err>
</testsuite>
