<?xml version="1.0" encoding="UTF-8"?>
<testsuite name="ippo.assignment2.controllers.HeaderControllerTest" tests="1" skipped="0" failures="0" errors="0" timestamp="2019-11-26T10:33:46" hostname="joes-mbp.mynet" time="0.299">
  <properties/>
  <testcase name="titleTest()" classname="ippo.assignment2.controllers.HeaderControllerTest" time="0.299"/>
  <system-out><![CDATA[]]></system-out>
  <system-err><![CDATA[]]></system-err>
</testsuite>
