<?xml version="1.0" encoding="UTF-8"?>
<testsuite name="ippo.assignment2.utils.PropertiesTest" tests="2" skipped="0" failures="0" errors="0" timestamp="2019-11-26T03:01:37" hostname="joes-mbp.mynet" time="0.029">
  <properties/>
  <testcase name="hasValueTrue()" classname="ippo.assignment2.utils.PropertiesTest" time="0.024"/>
  <testcase name="hasValueFalse()" classname="ippo.assignment2.utils.PropertiesTest" time="0.002"/>
  <system-out><![CDATA[]]></system-out>
  <system-err><![CDATA[]]></system-err>
</testsuite>
