<?xml version="1.0" encoding="UTF-8"?>
<testsuite name="ippo.assignment2.factories.ServicesFactoryTest" tests="6" skipped="0" failures="0" errors="0" timestamp="2019-11-27T16:40:22" hostname="joes-mbp.mynet" time="0.025">
  <properties/>
  <testcase name="createServiceFromPropertiesPlayersService()" classname="ippo.assignment2.factories.ServicesFactoryTest" time="0.005"/>
  <testcase name="createServiceFromPropertiesNull()" classname="ippo.assignment2.factories.ServicesFactoryTest" time="0.001"/>
  <testcase name="createServiceNull()" classname="ippo.assignment2.factories.ServicesFactoryTest" time="0.001"/>
  <testcase name="createPlayersJsonService()" classname="ippo.assignment2.factories.ServicesFactoryTest" time="0.002"/>
  <testcase name="createEdinburghPlayersService()" classname="ippo.assignment2.factories.ServicesFactoryTest" time="0.009"/>
  <testcase name="createPlayersService()" classname="ippo.assignment2.factories.ServicesFactoryTest" time="0.0"/>
  <system-out><![CDATA[]]></system-out>
  <system-err><![CDATA[]]></system-err>
</testsuite>
