<?xml version="1.0" encoding="UTF-8"?>
<testsuite name="ippo.assignment2.controllers.ImageViewerControllerTest" tests="1" skipped="0" failures="0" errors="0" timestamp="2019-11-26T00:40:31" hostname="joes-mbp.mynet" time="0.271">
  <properties/>
  <testcase name="imageViewerHasNullImageTest()" classname="ippo.assignment2.controllers.ImageViewerControllerTest" time="0.271"/>
  <system-out><![CDATA[]]></system-out>
  <system-err><![CDATA[]]></system-err>
</testsuite>
