<?xml version="1.0" encoding="UTF-8"?>
<testsuite name="ippo.assignment2.controllers.PlayerItemsPutDownControllerTest" tests="6" skipped="0" failures="0" errors="0" timestamp="2019-11-27T09:56:09" hostname="joes-mbp.mynet" time="2.958">
  <properties/>
  <testcase name="beforePutDownImageViewerTest()" classname="ippo.assignment2.controllers.PlayerItemsPutDownControllerTest" time="0.446"/>
  <testcase name="counterTest()" classname="ippo.assignment2.controllers.PlayerItemsPutDownControllerTest" time="0.372"/>
  <testcase name="afterPutDownButtonDisabilityTest()" classname="ippo.assignment2.controllers.PlayerItemsPutDownControllerTest" time="0.382"/>
  <testcase name="beforePutDownButtonTest()" classname="ippo.assignment2.controllers.PlayerItemsPutDownControllerTest" time="0.404"/>
  <testcase name="afterPutDownCounterTest()" classname="ippo.assignment2.controllers.PlayerItemsPutDownControllerTest" time="0.942"/>
  <testcase name="afterPutDownImageViewerTest()" classname="ippo.assignment2.controllers.PlayerItemsPutDownControllerTest" time="0.405"/>
  <system-out><![CDATA[]]></system-out>
  <system-err><![CDATA[]]></system-err>
</testsuite>
