<?xml version="1.0" encoding="UTF-8"?>
<testsuite name="ippo.assignment2.models.RoomTest" tests="12" skipped="0" failures="0" errors="0" timestamp="2019-11-27T06:03:26" hostname="joes-mbp.mynet" time="0.029">
  <properties/>
  <testcase name="getImageValid()" classname="ippo.assignment2.models.RoomTest" time="0.001"/>
  <testcase name="getItemsValid()" classname="ippo.assignment2.models.RoomTest" time="0.001"/>
  <testcase name="addTest()" classname="ippo.assignment2.models.RoomTest" time="0.001"/>
  <testcase name="getWallInvalid()" classname="ippo.assignment2.models.RoomTest" time="0.001"/>
  <testcase name="hasWallInvalid()" classname="ippo.assignment2.models.RoomTest" time="0.002"/>
  <testcase name="getImageInvalid()" classname="ippo.assignment2.models.RoomTest" time="0.001"/>
  <testcase name="hasWallNoWalls()" classname="ippo.assignment2.models.RoomTest" time="0.0"/>
  <testcase name="getItemsInvalid()" classname="ippo.assignment2.models.RoomTest" time="0.001"/>
  <testcase name="constructorNullTest()" classname="ippo.assignment2.models.RoomTest" time="0.001"/>
  <testcase name="removeTest()" classname="ippo.assignment2.models.RoomTest" time="0.0"/>
  <testcase name="getWallValid()" classname="ippo.assignment2.models.RoomTest" time="0.001"/>
  <testcase name="constructorNotNullTest()" classname="ippo.assignment2.models.RoomTest" time="0.004"/>
  <system-out><![CDATA[]]></system-out>
  <system-err><![CDATA[]]></system-err>
</testsuite>
