<?xml version="1.0" encoding="UTF-8"?>
<testsuite name="ippo.assignment2.controllers.NavigationControllerTest" tests="2" skipped="0" failures="0" errors="0" timestamp="2019-11-26T03:01:37" hostname="joes-mbp.mynet" time="3.233">
  <properties/>
  <testcase name="buttonTitleTest()" classname="ippo.assignment2.controllers.NavigationControllerTest" time="2.915"/>
  <testcase name="buttonDisabilityTest()" classname="ippo.assignment2.controllers.NavigationControllerTest" time="0.318"/>
  <system-out><![CDATA[]]></system-out>
  <system-err><![CDATA[]]></system-err>
</testsuite>
