<?xml version="1.0" encoding="UTF-8"?>
<testsuite name="ippo.assignment2.utils.PropertiesTest" tests="2" skipped="0" failures="0" errors="0" timestamp="2019-11-23T22:25:42" hostname="joes-mbp.mynet" time="0.031">
  <properties/>
  <testcase name="hasValueTrue()" classname="ippo.assignment2.utils.PropertiesTest" time="0.023"/>
  <testcase name="hasValueFalse()" classname="ippo.assignment2.utils.PropertiesTest" time="0.006"/>
  <system-out><![CDATA[]]></system-out>
  <system-err><![CDATA[]]></system-err>
</testsuite>
