<?xml version="1.0" encoding="UTF-8"?>
<testsuite name="ippo.assignment2.controllers.NavigationControllerTest" tests="2" skipped="0" failures="0" errors="0" timestamp="2019-11-25T05:19:44" hostname="joes-mbp.mynet" time="4.511">
  <properties/>
  <testcase name="buttonTitleTest()" classname="ippo.assignment2.controllers.NavigationControllerTest" time="4.108"/>
  <testcase name="buttonDisabilityTest()" classname="ippo.assignment2.controllers.NavigationControllerTest" time="0.402"/>
  <system-out><![CDATA[]]></system-out>
  <system-err><![CDATA[]]></system-err>
</testsuite>
