<?xml version="1.0" encoding="UTF-8"?>
<testsuite name="ippo.assignment2.builders.JsonModelBuilderTest" tests="1" skipped="0" failures="0" errors="0" timestamp="2019-11-27T09:03:38" hostname="joes-mbp.mynet" time="0.009">
  <properties/>
  <testcase name="titleTest()" classname="ippo.assignment2.builders.JsonModelBuilderTest" time="0.009"/>
  <system-out><![CDATA[]]></system-out>
  <system-err><![CDATA[]]></system-err>
</testsuite>
