<?xml version="1.0" encoding="UTF-8"?>
<testsuite name="ippo.assignment2.controllers.HeaderControllerTest" tests="2" skipped="0" failures="0" errors="0" timestamp="2019-11-26T23:48:59" hostname="joes-mbp.mynet" time="0.568">
  <properties/>
  <testcase name="titleTest()" classname="ippo.assignment2.controllers.HeaderControllerTest" time="0.28"/>
  <testcase name="usernameTest()" classname="ippo.assignment2.controllers.HeaderControllerTest" time="0.287"/>
  <system-out><![CDATA[]]></system-out>
  <system-err><![CDATA[]]></system-err>
</testsuite>
