<?xml version="1.0" encoding="UTF-8"?>
<testsuite name="ippo.assignment2.controllers.MainControllerTest" tests="1" skipped="0" failures="0" errors="0" timestamp="2019-11-25T20:37:06" hostname="joes-mbp.mynet" time="0.746">
  <properties/>
  <testcase name="titleTest()" classname="ippo.assignment2.controllers.MainControllerTest" time="0.746"/>
  <system-out><![CDATA[]]></system-out>
  <system-err><![CDATA[]]></system-err>
</testsuite>
