<?xml version="1.0" encoding="UTF-8"?>
<testsuite name="ippo.assignment2.controllers.PlayerItemsControllerTest" tests="3" skipped="0" failures="0" errors="0" timestamp="2019-11-25T05:02:08" hostname="joes-mbp.mynet" time="1.036">
  <properties/>
  <testcase name="counterTest()" classname="ippo.assignment2.controllers.PlayerItemsControllerTest" time="0.415"/>
  <testcase name="putDownButtonTest()" classname="ippo.assignment2.controllers.PlayerItemsControllerTest" time="0.298"/>
  <testcase name="imageViewerTest()" classname="ippo.assignment2.controllers.PlayerItemsControllerTest" time="0.32"/>
  <system-out><![CDATA[]]></system-out>
  <system-err><![CDATA[]]></system-err>
</testsuite>
