<?xml version="1.0" encoding="UTF-8"?>
<testsuite name="ippo.assignment2.utils.PropertiesSingletonTest" tests="3" skipped="0" failures="0" errors="0" timestamp="2019-11-26T23:07:58" hostname="joes-mbp.mynet" time="0.05">
  <properties/>
  <testcase name="hasValueTrue()" classname="ippo.assignment2.utils.PropertiesSingletonTest" time="0.016"/>
  <testcase name="hasValueFalse()" classname="ippo.assignment2.utils.PropertiesSingletonTest" time="0.017"/>
  <testcase name="singletonReturnsMatchingObjects()" classname="ippo.assignment2.utils.PropertiesSingletonTest" time="0.008"/>
  <system-out><![CDATA[]]></system-out>
  <system-err><![CDATA[]]></system-err>
</testsuite>
