<?xml version="1.0" encoding="UTF-8"?>
<testsuite name="ippo.assignment2.utils.PropertiesSingletonTest" tests="3" skipped="0" failures="0" errors="0" timestamp="2019-11-26T23:48:55" hostname="joes-mbp.mynet" time="0.077">
  <properties/>
  <testcase name="hasValueTrue()" classname="ippo.assignment2.utils.PropertiesSingletonTest" time="0.025"/>
  <testcase name="hasValueFalse()" classname="ippo.assignment2.utils.PropertiesSingletonTest" time="0.032"/>
  <testcase name="singletonReturnsMatchingObjects()" classname="ippo.assignment2.utils.PropertiesSingletonTest" time="0.015"/>
  <system-out><![CDATA[]]></system-out>
  <system-err><![CDATA[]]></system-err>
</testsuite>
