<?xml version="1.0" encoding="UTF-8"?>
<testsuite name="ippo.assignment2.controllers.PlayerItemsControllerTest" tests="2" skipped="0" failures="0" errors="0" timestamp="2019-11-27T06:03:34" hostname="joes-mbp.mynet" time="0.634">
  <properties/>
  <testcase name="counterTest()" classname="ippo.assignment2.controllers.PlayerItemsControllerTest" time="0.321"/>
  <testcase name="imageViewerTest()" classname="ippo.assignment2.controllers.PlayerItemsControllerTest" time="0.312"/>
  <system-out><![CDATA[]]></system-out>
  <system-err><![CDATA[]]></system-err>
</testsuite>
