<?xml version="1.0" encoding="UTF-8"?>
<testsuite name="ippo.assignment2.controllers.PlayerItemsControllerTest" tests="2" skipped="0" failures="0" errors="0" timestamp="2019-11-26T23:49:04" hostname="joes-mbp.mynet" time="0.636">
  <properties/>
  <testcase name="counterTest()" classname="ippo.assignment2.controllers.PlayerItemsControllerTest" time="0.333"/>
  <testcase name="imageViewerTest()" classname="ippo.assignment2.controllers.PlayerItemsControllerTest" time="0.302"/>
  <system-out><![CDATA[]]></system-out>
  <system-err><![CDATA[]]></system-err>
</testsuite>
