<?xml version="1.0" encoding="UTF-8"?>
<testsuite name="ippo.assignment2.controllers.NavigationControllerTest" tests="2" skipped="0" failures="0" errors="0" timestamp="2019-11-27T06:03:26" hostname="joes-mbp.mynet" time="2.97">
  <properties/>
  <testcase name="buttonTitleTest()" classname="ippo.assignment2.controllers.NavigationControllerTest" time="2.656"/>
  <testcase name="buttonDisabilityTest()" classname="ippo.assignment2.controllers.NavigationControllerTest" time="0.314"/>
  <system-out><![CDATA[]]></system-out>
  <system-err><![CDATA[]]></system-err>
</testsuite>
